Logfile initialized
[INFO] logfile = C:\Users\Toon\Desktop\workspace\LessTweet\build.log
[DEBUG] C:\Users\Toon\AppData\Roaming\Titanium\mobilesdk\win32\1.8.0.1\android\builder.py simulator LessTweet C:\Program Files (x86)\Android\android-sdk C:\Users\Toon\Desktop\workspace\LessTweet com.LessTweet 7 HVGA
[INFO] Building LessTweet for Android ... one moment
[INFO] Titanium SDK version: 1.8.0.1 (12/22/11 13:09 fbdc96f)
[DEBUG] Waiting for device to be ready ...
[TRACE] adb devices returned 1 devices/emulators
[DEBUG] Device connected... (waited 0 seconds)
[DEBUG] waited 0.009000 seconds on emulator to get ready
[DEBUG] com.LessTweet installed? True
[INFO] Copying project resources..
[INFO] Tiapp.xml unchanged, skipping class generation
[DEBUG] Processing Android resource drawables
[DEBUG] found drawable-long-land-hdpi splash screen at C:\Users\Toon\Desktop\workspace\LessTweet\Resources\android\images\res-long-land-hdpi\default.png
[DEBUG] found drawable-long-land-ldpi splash screen at C:\Users\Toon\Desktop\workspace\LessTweet\Resources\android\images\res-long-land-ldpi\default.png
[DEBUG] found drawable-long-port-hdpi splash screen at C:\Users\Toon\Desktop\workspace\LessTweet\Resources\android\images\res-long-port-hdpi\default.png
[DEBUG] found drawable-long-port-ldpi splash screen at C:\Users\Toon\Desktop\workspace\LessTweet\Resources\android\images\res-long-port-ldpi\default.png
[DEBUG] found drawable-notlong-land-hdpi splash screen at C:\Users\Toon\Desktop\workspace\LessTweet\Resources\android\images\res-notlong-land-hdpi\default.png
[DEBUG] found drawable-notlong-land-ldpi splash screen at C:\Users\Toon\Desktop\workspace\LessTweet\Resources\android\images\res-notlong-land-ldpi\default.png
[DEBUG] found drawable-notlong-land-mdpi splash screen at C:\Users\Toon\Desktop\workspace\LessTweet\Resources\android\images\res-notlong-land-mdpi\default.png
[DEBUG] found drawable-notlong-port-hdpi splash screen at C:\Users\Toon\Desktop\workspace\LessTweet\Resources\android\images\res-notlong-port-hdpi\default.png
[DEBUG] found drawable-notlong-port-ldpi splash screen at C:\Users\Toon\Desktop\workspace\LessTweet\Resources\android\images\res-notlong-port-ldpi\default.png
[DEBUG] found drawable-notlong-port-mdpi splash screen at C:\Users\Toon\Desktop\workspace\LessTweet\Resources\android\images\res-notlong-port-mdpi\default.png
[INFO] Waiting for SDCard to become available..
[DEBUG] creating unsigned apk: C:\Users\Toon\Desktop\workspace\LessTweet\build\android\bin\app-unsigned.apk
[DEBUG] from resource zip => assets/Resources/images/Knop1.png
[DEBUG] from resource zip => assets/Resources/images/Knop2.png
[DEBUG] from resource zip => assets/Resources/images/Knop3.png
[DEBUG] from resource zip => assets/Resources/images/Knop4.png
[DEBUG] from resource zip => assets/Resources/images/LesstweetLogo.png
[DEBUG] from resource zip => assets/Resources/images/Loader.png
[DEBUG] from resource zip => assets/Resources/images/Splash.png
[DEBUG] from resource zip => assets/Resources/images/background-blue.png
[DEBUG] from resource zip => assets/Resources/images/default.png
[DEBUG] from resource zip => assets/Resources/images/twitter_128.png
[DEBUG] from resource zip => assets/Resources/lib/oauth.js
[DEBUG] from resource zip => assets/Resources/lib/oauth_adapter.js
[DEBUG] from resource zip => assets/Resources/lib/sha1.js
[DEBUG] from resource zip => assets/Resources/lib/twitter_api.js
[DEBUG] from resource zip => assets/Resources/KS_nav_ui.png
[DEBUG] from resource zip => assets/Resources/KS_nav_views.png
[DEBUG] from resource zip => assets/Resources/LH2_Previous_icon..png
[DEBUG] from resource zip => assets/Resources/app.js
[DEBUG] from resource zip => assets/Resources/appicon.png
[DEBUG] from resource zip => assets/Resources/default.png
[DEBUG] from resource zip => assets/Resources/exit.png
[DEBUG] from resource zip => assets/Resources/home.png
[DEBUG] from resource zip => assets/Resources/window.details.js
[DEBUG] from resource zip => assets/Resources/window.login.js
[DEBUG] from resource zip => assets/Resources/window.menu.js
[DEBUG] from resource zip => assets/Resources/window.places.js
[DEBUG] from resource zip => assets/Resources/window.sUsers.js
[DEBUG] from resource zip => assets/Resources/window.search.js
[DEBUG] from resource zip => assets/app.json
[DEBUG] from resource zip => assets/index.json
[DEBUG] from resource zip => assets/tiapp.xml
[DEBUG] from resource zip => res/drawable/appicon.png
[DEBUG] from resource zip => res/drawable/background.png
[DEBUG] from resource zip => res/layout/titanium_tabgroup.xml
[DEBUG] from resource zip => AndroidManifest.xml
[DEBUG] from resource zip => resources.arsc
[DEBUG] from resource zip => res/drawable-long-land-hdpi/background.png
[DEBUG] from resource zip => res/drawable-long-land-ldpi/background.png
[DEBUG] from resource zip => res/drawable-long-port-hdpi/background.png
[DEBUG] from resource zip => res/drawable-long-port-ldpi/background.png
[DEBUG] from resource zip => res/drawable-notlong-land-hdpi/background.png
[DEBUG] from resource zip => res/drawable-notlong-land-ldpi/background.png
[DEBUG] from resource zip => res/drawable-notlong-land-mdpi/background.png
[DEBUG] from resource zip => res/drawable-notlong-port-hdpi/background.png
[DEBUG] from resource zip => res/drawable-notlong-port-ldpi/background.png
[DEBUG] from resource zip => res/drawable-notlong-port-mdpi/background.png
[DEBUG] from JAR C:\Users\Toon\AppData\Roaming\Titanium\mobilesdk\win32\1.8.0.1\android\titanium.jar => org/appcelerator/titanium/build.properties
[DEBUG] from JAR C:\Users\Toon\AppData\Roaming\Titanium\mobilesdk\win32\1.8.0.1\android\titanium.jar => org/appcelerator/titanium/res/drawable/background.png
[DEBUG] from JAR C:\Users\Toon\AppData\Roaming\Titanium\mobilesdk\win32\1.8.0.1\android\titanium.jar => org/appcelerator/titanium/res/drawable/btn_check_buttonless_on.png
[DEBUG] from JAR C:\Users\Toon\AppData\Roaming\Titanium\mobilesdk\win32\1.8.0.1\android\titanium.jar => org/appcelerator/titanium/res/drawable/btn_check_buttonless_on_18.png
[DEBUG] from JAR C:\Users\Toon\AppData\Roaming\Titanium\mobilesdk\win32\1.8.0.1\android\titanium.jar => org/appcelerator/titanium/res/drawable/btn_check_buttonless_on_48.png
[DEBUG] from JAR C:\Users\Toon\AppData\Roaming\Titanium\mobilesdk\win32\1.8.0.1\android\titanium.jar => org/appcelerator/titanium/res/drawable/btn_more.png
[DEBUG] from JAR C:\Users\Toon\AppData\Roaming\Titanium\mobilesdk\win32\1.8.0.1\android\titanium.jar => org/appcelerator/titanium/res/drawable/btn_more_18.png
[DEBUG] from JAR C:\Users\Toon\AppData\Roaming\Titanium\mobilesdk\win32\1.8.0.1\android\titanium.jar => org/appcelerator/titanium/res/drawable/btn_more_48.png
[DEBUG] from JAR C:\Users\Toon\AppData\Roaming\Titanium\mobilesdk\win32\1.8.0.1\android\titanium.jar => org/appcelerator/titanium/res/drawable/btn_picker_normal.9.png
[DEBUG] from JAR C:\Users\Toon\AppData\Roaming\Titanium\mobilesdk\win32\1.8.0.1\android\titanium.jar => org/appcelerator/titanium/res/drawable/btn_picker_pressed.9.png
[DEBUG] from JAR C:\Users\Toon\AppData\Roaming\Titanium\mobilesdk\win32\1.8.0.1\android\titanium.jar => org/appcelerator/titanium/res/drawable/btn_picker_selected.9.png
[DEBUG] from JAR C:\Users\Toon\AppData\Roaming\Titanium\mobilesdk\win32\1.8.0.1\android\titanium.jar => org/appcelerator/titanium/res/drawable/default_icon.png
[DEBUG] from JAR C:\Users\Toon\AppData\Roaming\Titanium\mobilesdk\win32\1.8.0.1\android\titanium.jar => org/appcelerator/titanium/res/drawable/photoDefault.png
[DEBUG] from JAR C:\Users\Toon\AppData\Roaming\Titanium\mobilesdk\win32\1.8.0.1\android\modules\titanium-ui.jar => ti/modules/titanium/ui/widget/webview/binding.js
[DEBUG] from JAR C:\Users\Toon\AppData\Roaming\Titanium\mobilesdk\win32\1.8.0.1\android\modules\titanium-ui.jar => ti/modules/titanium/ui/widget/webview/binding.min.js
[DEBUG] from JAR C:\Users\Toon\AppData\Roaming\Titanium\mobilesdk\win32\1.8.0.1\android\modules\titanium-ui.jar => ti/modules/titanium/ui/widget/webview/json2.js
[DEBUG] Waiting for device to be ready ...
[TRACE] adb devices returned 1 devices/emulators
[DEBUG] Device connected... (waited 0 seconds)
[DEBUG] waited 0.009000 seconds on emulator to get ready
[INFO] Installing application on device
[INFO] Launching application ... LessTweet
[TRACE] Launch output: Starting: Intent { act=android.intent.action.MAIN cat=[android.intent.category.LAUNCHER] cmp=com.LessTweet/.LesstweetActivity }

[INFO] Deployed LessTweet ... Application should be running.
[INFO] Launching application ... LessTweet
[TRACE] Launch output: Starting: Intent { act=android.intent.action.MAIN cat=[android.intent.category.LAUNCHER] cmp=com.LessTweet/.LesstweetActivity }

[INFO] Deployed LessTweet ... Application should be running.
